<?xml version="1.0" encoding="UTF-8"?>
<!-- Generated by org.testng.reporters.JUnitReportReporter -->
<testsuite skipped="0" hostname="rakesh" name="com.maven.sample.SendEmail" tests="1" failures="0" timestamp="16 Mar 2018 05:54:08 GMT" time="0.061" errors="1">
  <testcase name="email" time="0.061" classname="com.maven.sample.SendEmail">
    <error type="org.apache.commons.mail.EmailException" message="Cannot attach file &quot;/home/sanketh/Documents/eclipse workspace/selenium_scripts/sample_maven_project/test-output/emailable-report.html&quot;">
      <![CDATA[org.apache.commons.mail.EmailException: Cannot attach file "/home/sanketh/Documents/eclipse workspace/selenium_scripts/sample_maven_project/test-output/emailable-report.html"at org.apache.commons.mail.MultiPartEmail.attach(MultiPartEmail.java:333)at com.maven.sample.SendEmail.email(SendEmail.java:40)at sun.reflect.NativeMethodAccessorImpl.invoke0(Native Method)at sun.reflect.NativeMethodAccessorImpl.invoke(NativeMethodAccessorImpl.java:62)at sun.reflect.DelegatingMethodAccessorImpl.invoke(DelegatingMethodAccessorImpl.java:43)at java.lang.reflect.Method.invoke(Method.java:498)at org.testng.internal.MethodInvocationHelper.invokeMethod(MethodInvocationHelper.java:124)at org.testng.internal.Invoker.invokeMethod(Invoker.java:571)at org.testng.internal.Invoker.invokeTestMethod(Invoker.java:707)at org.testng.internal.Invoker.invokeTestMethods(Invoker.java:979)at org.testng.internal.TestMethodWorker.invokeTestMethods(TestMethodWorker.java:125)at org.testng.internal.TestMethodWorker.run(TestMethodWorker.java:109)at org.testng.TestRunner.privateRun(TestRunner.java:648)at org.testng.TestRunner.run(TestRunner.java:505)at org.testng.SuiteRunner.runTest(SuiteRunner.java:455)at org.testng.SuiteRunner.runSequentially(SuiteRunner.java:450)at org.testng.SuiteRunner.privateRun(SuiteRunner.java:415)at org.testng.SuiteRunner.run(SuiteRunner.java:364)at org.testng.SuiteRunnerWorker.runSuite(SuiteRunnerWorker.java:52)at org.testng.SuiteRunnerWorker.run(SuiteRunnerWorker.java:84)at org.testng.TestNG.runSuitesSequentially(TestNG.java:1187)at org.testng.TestNG.runSuitesLocally(TestNG.java:1116)at org.testng.TestNG.runSuites(TestNG.java:1028)at org.testng.TestNG.run(TestNG.java:996)at org.testng.remote.AbstractRemoteTestNG.run(AbstractRemoteTestNG.java:114)at org.testng.remote.RemoteTestNG.initAndRun(RemoteTestNG.java:251)at org.testng.remote.RemoteTestNG.main(RemoteTestNG.java:77)Caused by: java.io.IOException: "/home/sanketh/Documents/eclipse workspace/selenium_scripts/sample_maven_project/test-output/emailable-report.html" does not existat org.apache.commons.mail.MultiPartEmail.attach(MultiPartEmail.java:322)... 26 more]]>
    </error>
  </testcase> <!-- email -->
</testsuite> <!-- com.maven.sample.SendEmail -->
